
> ai-test-metrics-dashboard@0.0.1 start
> nest start

[32m[Nest] 9504  - [39m04/13/2026, 2:04:26 AM [32m    LOG[39m [38;5;3m[NestFactory] [39m[32mStarting Nest application...[39m
[32m[Nest] 9504  - [39m04/13/2026, 2:04:26 AM [32m    LOG[39m [38;5;3m[InstanceLoader] [39m[32mPrismaModule dependencies initialized[39m[38;5;3m +52ms[39m
[32m[Nest] 9504  - [39m04/13/2026, 2:04:26 AM [32m    LOG[39m [38;5;3m[InstanceLoader] [39m[32mConfigHostModule dependencies initialized[39m[38;5;3m +17ms[39m
[32m[Nest] 9504  - [39m04/13/2026, 2:04:26 AM [32m    LOG[39m [38;5;3m[InstanceLoader] [39m[32mAppModule dependencies initialized[39m[38;5;3m +19ms[39m
[32m[Nest] 9504  - [39m04/13/2026, 2:04:26 AM [32m    LOG[39m [38;5;3m[InstanceLoader] [39m[32mConfigModule dependencies initialized[39m[38;5;3m +1ms[39m
[32m[Nest] 9504  - [39m04/13/2026, 2:04:26 AM [32m    LOG[39m [38;5;3m[InstanceLoader] [39m[32mSystemModule dependencies initialized[39m[38;5;3m +1ms[39m
[32m[Nest] 9504  - [39m04/13/2026, 2:04:26 AM [32m    LOG[39m [38;5;3m[InstanceLoader] [39m[32mMetricsModule dependencies initialized[39m[38;5;3m +1ms[39m
[32m[Nest] 9504  - [39m04/13/2026, 2:04:26 AM [32m    LOG[39m [38;5;3m[InstanceLoader] [39m[32mAnalysisModule dependencies initialized[39m[38;5;3m +0ms[39m
[32m[Nest] 9504  - [39m04/13/2026, 2:04:26 AM [32m    LOG[39m [38;5;3m[InstanceLoader] [39m[32mDataSourcesModule dependencies initialized[39m[38;5;3m +1ms[39m
[32m[Nest] 9504  - [39m04/13/2026, 2:04:26 AM [32m    LOG[39m [38;5;3m[InstanceLoader] [39m[32mReportingModule dependencies initialized[39m[38;5;3m +0ms[39m
[32m[Nest] 9504  - [39m04/13/2026, 2:04:26 AM [32m    LOG[39m [38;5;3m[RoutesResolver] [39m[32mAppController {/api/v1}:[39m[38;5;3m +6ms[39m
[32m[Nest] 9504  - [39m04/13/2026, 2:04:26 AM [32m    LOG[39m [38;5;3m[RouterExplorer] [39m[32mMapped {/, GET} route[39m[38;5;3m +3ms[39m
[32m[Nest] 9504  - [39m04/13/2026, 2:04:26 AM [32m    LOG[39m [38;5;3m[RoutesResolver] [39m[32mMetricsController {/api/v1/metrics}:[39m[38;5;3m +1ms[39m
[32m[Nest] 9504  - [39m04/13/2026, 2:04:26 AM [32m    LOG[39m [38;5;3m[RouterExplorer] [39m[32mMapped {/api/v1/metrics/summary, GET} route[39m[38;5;3m +1ms[39m
[32m[Nest] 9504  - [39m04/13/2026, 2:04:26 AM [32m    LOG[39m [38;5;3m[RouterExplorer] [39m[32mMapped {/api/v1/metrics/overview, GET} route[39m[38;5;3m +1ms[39m
[32m[Nest] 9504  - [39m04/13/2026, 2:04:26 AM [32m    LOG[39m [38;5;3m[RouterExplorer] [39m[32mMapped {/api/v1/metrics/effectiveness, GET} route[39m[38;5;3m +1ms[39m
[32m[Nest] 9504  - [39m04/13/2026, 2:04:26 AM [32m    LOG[39m [38;5;3m[RouterExplorer] [39m[32mMapped {/api/v1/metrics/coverage, GET} route[39m[38;5;3m +1ms[39m
[32m[Nest] 9504  - [39m04/13/2026, 2:04:26 AM [32m    LOG[39m [38;5;3m[RouterExplorer] [39m[32mMapped {/api/v1/metrics/defect-trends, GET} route[39m[38;5;3m +1ms[39m
[32m[Nest] 9504  - [39m04/13/2026, 2:04:26 AM [32m    LOG[39m [38;5;3m[RouterExplorer] [39m[32mMapped {/api/v1/metrics/charts, GET} route[39m[38;5;3m +0ms[39m
[32m[Nest] 9504  - [39m04/13/2026, 2:04:26 AM [32m    LOG[39m [38;5;3m[RouterExplorer] [39m[32mMapped {/api/v1/metrics/filter/time-range, GET} route[39m[38;5;3m +1ms[39m
[32m[Nest] 9504  - [39m04/13/2026, 2:04:26 AM [32m    LOG[39m [38;5;3m[RouterExplorer] [39m[32mMapped {/api/v1/metrics/filter/module, GET} route[39m[38;5;3m +1ms[39m
[32m[Nest] 9504  - [39m04/13/2026, 2:04:26 AM [32m    LOG[39m [38;5;3m[RoutesResolver] [39m[32mSystemController {/api/v1/system}:[39m[38;5;3m +1ms[39m
[32m[Nest] 9504  - [39m04/13/2026, 2:04:26 AM [32m    LOG[39m [38;5;3m[RouterExplorer] [39m[32mMapped {/api/v1/system/login, POST} route[39m[38;5;3m +1ms[39m
[32m[Nest] 9504  - [39m04/13/2026, 2:04:26 AM [32m    LOG[39m [38;5;3m[RouterExplorer] [39m[32mMapped {/api/v1/system/register, POST} route[39m[38;5;3m +0ms[39m
[32m[Nest] 9504  - [39m04/13/2026, 2:04:26 AM [32m    LOG[39m [38;5;3m[RouterExplorer] [39m[32mMapped {/api/v1/system/users, GET} route[39m[38;5;3m +1ms[39m
[32m[Nest] 9504  - [39m04/13/2026, 2:04:26 AM [32m    LOG[39m [38;5;3m[RouterExplorer] [39m[32mMapped {/api/v1/system/history, GET} route[39m[38;5;3m +1ms[39m
[32m[Nest] 9504  - [39m04/13/2026, 2:04:26 AM [32m    LOG[39m [38;5;3m[RoutesResolver] [39m[32mAnalysisController {/api/v1/analysis}:[39m[38;5;3m +0ms[39m
[32m[Nest] 9504  - [39m04/13/2026, 2:04:26 AM [32m    LOG[39m [38;5;3m[RouterExplorer] [39m[32mMapped {/api/v1/analysis/refresh, POST} route[39m[38;5;3m +0ms[39m
[32m[Nest] 9504  - [39m04/13/2026, 2:04:26 AM [32m    LOG[39m [38;5;3m[RouterExplorer] [39m[32mMapped {/api/v1/analysis/low-coverage, GET} route[39m[38;5;3m +1ms[39m
[32m[Nest] 9504  - [39m04/13/2026, 2:04:26 AM [32m    LOG[39m [38;5;3m[RouterExplorer] [39m[32mMapped {/api/v1/analysis/failure-predictions, GET} route[39m[38;5;3m +0ms[39m
[32m[Nest] 9504  - [39m04/13/2026, 2:04:26 AM [32m    LOG[39m [38;5;3m[RouterExplorer] [39m[32mMapped {/api/v1/analysis/suggestions, GET} route[39m[38;5;3m +1ms[39m
[32m[Nest] 9504  - [39m04/13/2026, 2:04:26 AM [32m    LOG[39m [38;5;3m[RouterExplorer] [39m[32mMapped {/api/v1/analysis/risk-areas, GET} route[39m[38;5;3m +1ms[39m
[32m[Nest] 9504  - [39m04/13/2026, 2:04:26 AM [32m    LOG[39m [38;5;3m[RoutesResolver] [39m[32mDataSourcesController {/api/v1/data-sources}:[39m[38;5;3m +0ms[39m
[32m[Nest] 9504  - [39m04/13/2026, 2:04:26 AM [32m    LOG[39m [38;5;3m[RouterExplorer] [39m[32mMapped {/api/v1/data-sources/templates, GET} route[39m[38;5;3m +1ms[39m
[32m[Nest] 9504  - [39m04/13/2026, 2:04:26 AM [32m    LOG[39m [38;5;3m[RouterExplorer] [39m[32mMapped {/api/v1/data-sources/test-case-repositories, POST} route[39m[38;5;3m +1ms[39m
[32m[Nest] 9504  - [39m04/13/2026, 2:04:26 AM [32m    LOG[39m [38;5;3m[RouterExplorer] [39m[32mMapped {/api/v1/data-sources/execution-reports, POST} route[39m[38;5;3m +0ms[39m
[32m[Nest] 9504  - [39m04/13/2026, 2:04:26 AM [32m    LOG[39m [38;5;3m[RouterExplorer] [39m[32mMapped {/api/v1/data-sources/bug-tracking, POST} route[39m[38;5;3m +1ms[39m
[32m[Nest] 9504  - [39m04/13/2026, 2:04:26 AM [32m    LOG[39m [38;5;3m[RouterExplorer] [39m[32mMapped {/api/v1/data-sources/code-repository, POST} route[39m[38;5;3m +1ms[39m
[32m[Nest] 9504  - [39m04/13/2026, 2:04:26 AM [32m    LOG[39m [38;5;3m[RoutesResolver] [39m[32mReportingController {/api/v1/reporting}:[39m[38;5;3m +1ms[39m
[32m[Nest] 9504  - [39m04/13/2026, 2:04:26 AM [32m    LOG[39m [38;5;3m[RouterExplorer] [39m[32mMapped {/api/v1/reporting/summary, GET} route[39m[38;5;3m +0ms[39m
[32m[Nest] 9504  - [39m04/13/2026, 2:04:26 AM [32m    LOG[39m [38;5;3m[RouterExplorer] [39m[32mMapped {/api/v1/reporting/excel, GET} route[39m[38;5;3m +1ms[39m
[32m[Nest] 9504  - [39m04/13/2026, 2:04:26 AM [32m    LOG[39m [38;5;3m[RouterExplorer] [39m[32mMapped {/api/v1/reporting/pdf, GET} route[39m[38;5;3m +1ms[39m
[32m[Nest] 9504  - [39m04/13/2026, 2:04:26 AM [32m    LOG[39m [38;5;3m[NestApplication] [39m[32mNest application successfully started[39m[38;5;3m +94ms[39m
