
> ai-test-metrics-dashboard@0.0.1 start
> nest start

[32m[Nest] 4552  - [39m04/13/2026, 1:03:28 AM [32m    LOG[39m [38;5;3m[NestFactory] [39m[32mStarting Nest application...[39m
[32m[Nest] 4552  - [39m04/13/2026, 1:03:28 AM [32m    LOG[39m [38;5;3m[InstanceLoader] [39m[32mPrismaModule dependencies initialized[39m[38;5;3m +98ms[39m
[32m[Nest] 4552  - [39m04/13/2026, 1:03:28 AM [32m    LOG[39m [38;5;3m[InstanceLoader] [39m[32mConfigHostModule dependencies initialized[39m[38;5;3m +18ms[39m
[32m[Nest] 4552  - [39m04/13/2026, 1:03:28 AM [32m    LOG[39m [38;5;3m[InstanceLoader] [39m[32mAppModule dependencies initialized[39m[38;5;3m +26ms[39m
[32m[Nest] 4552  - [39m04/13/2026, 1:03:28 AM [32m    LOG[39m [38;5;3m[InstanceLoader] [39m[32mConfigModule dependencies initialized[39m[38;5;3m +2ms[39m
[32m[Nest] 4552  - [39m04/13/2026, 1:03:28 AM [32m    LOG[39m [38;5;3m[InstanceLoader] [39m[32mMetricsModule dependencies initialized[39m[38;5;3m +1ms[39m
[32m[Nest] 4552  - [39m04/13/2026, 1:03:28 AM [32m    LOG[39m [38;5;3m[InstanceLoader] [39m[32mAnalysisModule dependencies initialized[39m[38;5;3m +1ms[39m
[32m[Nest] 4552  - [39m04/13/2026, 1:03:28 AM [32m    LOG[39m [38;5;3m[InstanceLoader] [39m[32mDataSourcesModule dependencies initialized[39m[38;5;3m +0ms[39m
[32m[Nest] 4552  - [39m04/13/2026, 1:03:28 AM [32m    LOG[39m [38;5;3m[RoutesResolver] [39m[32mAppController {/api/v1}:[39m[38;5;3m +7ms[39m
[32m[Nest] 4552  - [39m04/13/2026, 1:03:28 AM [32m    LOG[39m [38;5;3m[RouterExplorer] [39m[32mMapped {/, GET} route[39m[38;5;3m +8ms[39m
[32m[Nest] 4552  - [39m04/13/2026, 1:03:28 AM [32m    LOG[39m [38;5;3m[RoutesResolver] [39m[32mMetricsController {/api/v1/metrics}:[39m[38;5;3m +1ms[39m
[32m[Nest] 4552  - [39m04/13/2026, 1:03:28 AM [32m    LOG[39m [38;5;3m[RouterExplorer] [39m[32mMapped {/api/v1/metrics/summary, GET} route[39m[38;5;3m +1ms[39m
[32m[Nest] 4552  - [39m04/13/2026, 1:03:28 AM [32m    LOG[39m [38;5;3m[RouterExplorer] [39m[32mMapped {/api/v1/metrics/overview, GET} route[39m[38;5;3m +1ms[39m
[32m[Nest] 4552  - [39m04/13/2026, 1:03:28 AM [32m    LOG[39m [38;5;3m[RoutesResolver] [39m[32mAnalysisController {/api/v1/analysis}:[39m[38;5;3m +0ms[39m
[32m[Nest] 4552  - [39m04/13/2026, 1:03:28 AM [32m    LOG[39m [38;5;3m[RouterExplorer] [39m[32mMapped {/api/v1/analysis/refresh, POST} route[39m[38;5;3m +1ms[39m
[32m[Nest] 4552  - [39m04/13/2026, 1:03:28 AM [32m    LOG[39m [38;5;3m[RoutesResolver] [39m[32mDataSourcesController {/api/v1/data-sources}:[39m[38;5;3m +1ms[39m
[32m[Nest] 4552  - [39m04/13/2026, 1:03:28 AM [32m    LOG[39m [38;5;3m[RouterExplorer] [39m[32mMapped {/api/v1/data-sources/templates, GET} route[39m[38;5;3m +1ms[39m
[32m[Nest] 4552  - [39m04/13/2026, 1:03:28 AM [32m    LOG[39m [38;5;3m[RouterExplorer] [39m[32mMapped {/api/v1/data-sources/test-case-repositories, POST} route[39m[38;5;3m +1ms[39m
[32m[Nest] 4552  - [39m04/13/2026, 1:03:28 AM [32m    LOG[39m [38;5;3m[RouterExplorer] [39m[32mMapped {/api/v1/data-sources/execution-reports, POST} route[39m[38;5;3m +0ms[39m
[32m[Nest] 4552  - [39m04/13/2026, 1:03:28 AM [32m    LOG[39m [38;5;3m[RouterExplorer] [39m[32mMapped {/api/v1/data-sources/bug-tracking, POST} route[39m[38;5;3m +2ms[39m
[32m[Nest] 4552  - [39m04/13/2026, 1:03:28 AM [32m    LOG[39m [38;5;3m[RouterExplorer] [39m[32mMapped {/api/v1/data-sources/code-repository, POST} route[39m[38;5;3m +2ms[39m
[32m[Nest] 4552  - [39m04/13/2026, 1:03:28 AM [32m    LOG[39m [38;5;3m[NestApplication] [39m[32mNest application successfully started[39m[38;5;3m +222ms[39m
